[    0.000000] Linux version 4.15.0-175-generic (buildd@lcy02-amd64-034) (gcc version 7.5.0 (Ubuntu 7.5.0-3ubuntu1~18.04)) #184-Ubuntu SMP Thu Mar 24 17:48:36 UTC 2022 (Ubuntu 4.15.0-175.184-generic 4.15.18)
[    0.000000] Command line: BOOT_IMAGE=/boot/vmlinuz-4.15.0-175-generic root=LABEL=cloudimg-rootfs ro console=tty1 console=ttyS0
[    0.000000] KERNEL supported cpus:
[    0.000000]   Intel GenuineIntel
[    0.000000]   AMD AuthenticAMD
[    0.000000]   Centaur CentaurHauls
[    0.000000] [Firmware Bug]: TSC doesn't count with P0 frequency!
[    0.000000] x86/fpu: Supporting XSAVE feature 0x001: 'x87 floating point registers'
[    0.000000] x86/fpu: Supporting XSAVE feature 0x002: 'SSE registers'
[    0.000000] x86/fpu: Supporting XSAVE feature 0x004: 'AVX registers'
[    0.000000] x86/fpu: xstate_offset[2]:  576, xstate_sizes[2]:  256
[    0.000000] x86/fpu: Enabled xstate features 0x7, context size is 832 bytes, using 'standard' format.
[    0.000000] e820: BIOS-provided physical RAM map:
[    0.000000] BIOS-e820: [mem 0x0000000000000000-0x000000000009fbff] usable
[    0.000000] BIOS-e820: [mem 0x000000000009fc00-0x000000000009ffff] reserved
[    0.000000] BIOS-e820: [mem 0x00000000000f0000-0x00000000000fffff] reserved
[    0.000000] BIOS-e820: [mem 0x0000000000100000-0x000000001ffeffff] usable
[    0.000000] BIOS-e820: [mem 0x000000001fff0000-0x000000001fffffff] ACPI data
[    0.000000] BIOS-e820: [mem 0x00000000fec00000-0x00000000fec00fff] reserved
[    0.000000] BIOS-e820: [mem 0x00000000fee00000-0x00000000fee00fff] reserved
[    0.000000] BIOS-e820: [mem 0x00000000fffc0000-0x00000000ffffffff] reserved
[    0.000000] NX (Execute Disable) protection: active
[    0.000000] SMBIOS 2.5 present.
[    0.000000] DMI: innotek GmbH VirtualBox/VirtualBox, BIOS VirtualBox 12/01/2006
[    0.000000] Hypervisor detected: KVM
[    0.000000] e820: last_pfn = 0x1fff0 max_arch_pfn = 0x400000000
[    0.000000] MTRR: Disabled
[    0.000000] x86/PAT: MTRRs disabled, skipping PAT initialization too.
[    0.000000] CPU MTRRs all blank - virtualized system.
[    0.000000] x86/PAT: Configuration [0-7]: WB  WT  UC- UC  WB  WT  UC- UC  
[    0.000000] found SMP MP-table at [mem 0x0009fff0-0x0009ffff]
[    0.000000] Scanning 1 areas for low memory corruption
[    0.000000] RAMDISK: [mem 0x1daf1000-0x1ee02fff]
[    0.000000] ACPI: Early table checksum verification disabled
[    0.000000] ACPI: RSDP 0x00000000000E0000 000024 (v02 VBOX  )
[    0.000000] ACPI: XSDT 0x000000001FFF0030 00003C (v01 VBOX   VBOXXSDT 00000001 ASL  00000061)
[    0.000000] ACPI: FACP 0x000000001FFF00F0 0000F4 (v04 VBOX   VBOXFACP 00000001 ASL  00000061)
[    0.000000] ACPI: DSDT 0x000000001FFF0470 002325 (v02 VBOX   VBOXBIOS 00000002 INTL 20100528)
[    0.000000] ACPI: FACS 0x000000001FFF0200 000040
[    0.000000] ACPI: FACS 0x000000001FFF0200 000040
[    0.000000] ACPI: APIC 0x000000001FFF0240 000054 (v02 VBOX   VBOXAPIC 00000001 ASL  00000061)
[    0.000000] ACPI: SSDT 0x000000001FFF02A0 0001CC (v01 VBOX   VBOXCPUT 00000002 INTL 20100528)
[    0.000000] ACPI: Reserving FACP table memory at [mem 0x1fff00f0-0x1fff01e3]
[    0.000000] ACPI: Reserving DSDT table memory at [mem 0x1fff0470-0x1fff2794]
[    0.000000] ACPI: Reserving FACS table memory at [mem 0x1fff0200-0x1fff023f]
[    0.000000] ACPI: Reserving FACS table memory at [mem 0x1fff0200-0x1fff023f]
[    0.000000] ACPI: Reserving APIC table memory at [mem 0x1fff0240-0x1fff0293]
[    0.000000] ACPI: Reserving SSDT table memory at [mem 0x1fff02a0-0x1fff046b]
[    0.000000] No NUMA configuration found
[    0.000000] Faking a node at [mem 0x0000000000000000-0x000000001ffeffff]
[    0.000000] NODE_DATA(0) allocated [mem 0x1ffc5000-0x1ffeffff]
[    0.000000] kvm-clock: cpu 0, msr 0:1ff44001, primary cpu clock
[    0.000000] kvm-clock: Using msrs 4b564d01 and 4b564d00
[    0.000000] kvm-clock: using sched offset of 4071249855 cycles
[    0.000000] clocksource: kvm-clock: mask: 0xffffffffffffffff max_cycles: 0x1cd42e4dffb, max_idle_ns: 881590591483 ns
[    0.000000] Zone ranges:
[    0.000000]   DMA      [mem 0x0000000000001000-0x0000000000ffffff]
[    0.000000]   DMA32    [mem 0x0000000001000000-0x000000001ffeffff]
[    0.000000]   Normal   empty
[    0.000000]   Device   empty
[    0.000000] Movable zone start for each node
[    0.000000] Early memory node ranges
[    0.000000]   node   0: [mem 0x0000000000001000-0x000000000009efff]
[    0.000000]   node   0: [mem 0x0000000000100000-0x000000001ffeffff]
[    0.000000] Reserved but unavailable: 104 pages
[    0.000000] Initmem setup node 0 [mem 0x0000000000001000-0x000000001ffeffff]
[    0.000000] ACPI: PM-Timer IO Port: 0x4008
[    0.000000] IOAPIC[0]: apic_id 1, version 32, address 0xfec00000, GSI 0-23
[    0.000000] ACPI: INT_SRC_OVR (bus 0 bus_irq 0 global_irq 2 dfl dfl)
[    0.000000] ACPI: INT_SRC_OVR (bus 0 bus_irq 9 global_irq 9 low level)
[    0.000000] Using ACPI (MADT) for SMP configuration information
[    0.000000] smpboot: Allowing 1 CPUs, 0 hotplug CPUs
[    0.000000] PM: Registered nosave memory: [mem 0x00000000-0x00000fff]
[    0.000000] PM: Registered nosave memory: [mem 0x0009f000-0x0009ffff]
[    0.000000] PM: Registered nosave memory: [mem 0x000a0000-0x000effff]
[    0.000000] PM: Registered nosave memory: [mem 0x000f0000-0x000fffff]
[    0.000000] e820: [mem 0x20000000-0xfebfffff] available for PCI devices
[    0.000000] Booting paravirtualized kernel on KVM
[    0.000000] clocksource: refined-jiffies: mask: 0xffffffff max_cycles: 0xffffffff, max_idle_ns: 7645519600211568 ns
[    0.000000] random: get_random_bytes called from start_kernel+0x99/0x500 with crng_init=0
[    0.000000] setup_percpu: NR_CPUS:8192 nr_cpumask_bits:1 nr_cpu_ids:1 nr_node_ids:1
[    0.000000] percpu: Embedded 50 pages/cpu s167936 r8192 d28672 u2097152
[    0.000000] PV qspinlock hash table entries: 256 (order: 0, 4096 bytes)
[    0.000000] Built 1 zonelists, mobility grouping on.  Total pages: 128889
[    0.000000] Policy zone: DMA32
[    0.000000] Kernel command line: BOOT_IMAGE=/boot/vmlinuz-4.15.0-175-generic root=LABEL=cloudimg-rootfs ro console=tty1 console=ttyS0
[    0.000000] Memory: 466752K/523832K available (12300K kernel code, 2484K rwdata, 4324K rodata, 2468K init, 2724K bss, 57080K reserved, 0K cma-reserved)
[    0.000000] SLUB: HWalign=64, Order=0-3, MinObjects=0, CPUs=1, Nodes=1
[    0.000000] ftrace: allocating 39503 entries in 155 pages
[    0.004000] Hierarchical RCU implementation.
[    0.004000] 	RCU restricting CPUs from NR_CPUS=8192 to nr_cpu_ids=1.
[    0.004000] 	Tasks RCU enabled.
[    0.004000] RCU: Adjusting geometry for rcu_fanout_leaf=16, nr_cpu_ids=1
[    0.004000] NR_IRQS: 524544, nr_irqs: 256, preallocated irqs: 16
[    0.004000] Console: colour VGA+ 80x25
[    0.004000] console [tty1] enabled
[    0.004000] console [ttyS0] enabled
[    0.004000] ACPI: Core revision 20170831
[    0.004000] ACPI: 2 ACPI AML tables successfully acquired and loaded
[    0.004000] APIC: Switch to symmetric I/O mode setup
[    0.004000] x2apic enabled
[    0.004000] Switched APIC routing to physical x2apic.
[    0.004000] ..TIMER: vector=0x30 apic1=0 pin1=2 apic2=-1 pin2=-1
[    0.004000] tsc: Detected 3700.006 MHz processor
[    0.004000] Calibrating delay loop (skipped) preset value.. 7400.01 BogoMIPS (lpj=14800024)
[    0.004005] pid_max: default: 32768 minimum: 301
[    0.004576] Security Framework initialized
[    0.005060] Yama: becoming mindful.
[    0.005921] AppArmor: AppArmor initialized
[    0.006491] Dentry cache hash table entries: 65536 (order: 7, 524288 bytes)
[    0.008040] Inode-cache hash table entries: 32768 (order: 6, 262144 bytes)
[    0.008848] Mount-cache hash table entries: 1024 (order: 1, 8192 bytes)
[    0.009578] Mountpoint-cache hash table entries: 1024 (order: 1, 8192 bytes)
[    0.010583] CPU0: Hyper-Threading is disabled
[    0.011182] Last level iTLB entries: 4KB 1024, 2MB 1024, 4MB 512
[    0.012004] Last level dTLB entries: 4KB 1536, 2MB 1536, 4MB 768, 1GB 0
[    0.012753] Spectre V1 : Mitigation: usercopy/swapgs barriers and __user pointer sanitization
[    0.013737] Spectre V2 : LFENCE not serializing, switching to generic retpoline
[    0.014604] Spectre V2 : Mitigation: Retpolines
[    0.015123] Spectre V2 : Spectre v2 / SpectreRSB mitigation: Filling RSB on context switch
[    0.016004] Speculative Store Bypass: Mitigation: Speculative Store Bypass disabled via prctl and seccomp
[    0.021916] Freeing SMP alternatives memory: 36K
[    0.131669] smpboot: CPU0: AMD Ryzen 5 3400G with Radeon Vega Graphics (family: 0x17, model: 0x18, stepping: 0x1)
[    0.132000] Performance Events: PMU not available due to virtualization, using software events only.
[    0.132000] Hierarchical SRCU implementation.
[    0.132000] NMI watchdog: Perf event create on CPU 0 failed with -2
[    0.132004] NMI watchdog: Perf NMI watchdog permanently disabled
[    0.132733] smp: Bringing up secondary CPUs ...
[    0.133296] smp: Brought up 1 node, 1 CPU
[    0.133821] smpboot: Max logical packages: 1
[    0.134372] smpboot: Total of 1 processors activated (7400.01 BogoMIPS)
[    0.136126] devtmpfs: initialized
[    0.136578] x86/mm: Memory block size: 128MB
[    0.137224] evm: security.selinux
[    0.137637] evm: security.SMACK64
[    0.138075] evm: security.SMACK64EXEC
[    0.138517] evm: security.SMACK64TRANSMUTE
[    0.139016] evm: security.SMACK64MMAP
[    0.139462] evm: security.apparmor
[    0.139870] evm: security.ima
[    0.140007] evm: security.capability
[    0.140597] clocksource: jiffies: mask: 0xffffffff max_cycles: 0xffffffff, max_idle_ns: 7645041785100000 ns
[    0.141841] futex hash table entries: 256 (order: 2, 16384 bytes)
[    0.142603] pinctrl core: initialized pinctrl subsystem
[    0.143343] RTC time:  0:18:39, date: 04/17/22
[    0.144114] NET: Registered protocol family 16
[    0.144767] audit: initializing netlink subsys (disabled)
[    0.145547] cpuidle: using governor ladder
[    0.146087] cpuidle: using governor menu
[    0.146784] ACPI: bus type PCI registered
[    0.147279] acpiphp: ACPI Hot Plug PCI Controller Driver version: 0.5
[    0.148011] audit: type=2000 audit(1650154724.653:1): state=initialized audit_enabled=0 res=1
[    0.149093] PCI: Using configuration type 1 for base access
[    0.149780] PCI: Using configuration type 1 for extended access
[    0.151296] HugeTLB registered 2.00 MiB page size, pre-allocated 0 pages
[    0.152188] ACPI: Added _OSI(Module Device)
[    0.152800] ACPI: Added _OSI(Processor Device)
[    0.153418] ACPI: Added _OSI(3.0 _SCP Extensions)
[    0.154139] ACPI: Added _OSI(Processor Aggregator Device)
[    0.155034] ACPI: Added _OSI(Linux-Dell-Video)
[    0.156032] ACPI: Added _OSI(Linux-Lenovo-NV-HDMI-Audio)
[    0.156963] ACPI: Added _OSI(Linux-HPI-Hybrid-Graphics)
[    0.157907] ACPI: Executed 1 blocks of module-level executable AML code
[    0.161272] ACPI: Interpreter enabled
[    0.161776] ACPI: (supports S0 S5)
[    0.162213] ACPI: Using IOAPIC for interrupt routing
[    0.163107] PCI: Using host bridge windows from ACPI; if necessary, use "pci=nocrs" and report a bug
[    0.164157] ACPI: Enabled 2 GPEs in block 00 to 07
[    0.169272] ACPI: PCI Root Bridge [PCI0] (domain 0000 [bus 00-ff])
[    0.170060] acpi PNP0A03:00: _OSC: OS supports [ExtendedConfig ASPM ClockPM Segments MSI]
[    0.172682] acpi PNP0A03:00: _OSC: platform does not support [PCIeCapability]
[    0.173898] acpi PNP0A03:00: _OSC: not requesting control; platform does not support [PCIeCapability]
[    0.175028] acpi PNP0A03:00: _OSC: OS requested [PCIeHotplug PME AER PCIeCapability]
[    0.176000] acpi PNP0A03:00: _OSC: platform willing to grant [PCIeHotplug PME AER]
[    0.176009] acpi PNP0A03:00: _OSC failed (AE_SUPPORT); disabling ASPM
[    0.177123] PCI host bridge to bus 0000:00
[    0.177617] pci_bus 0000:00: root bus resource [io  0x0000-0x0cf7 window]
[    0.178393] pci_bus 0000:00: root bus resource [io  0x0d00-0xffff window]
[    0.180005] pci_bus 0000:00: root bus resource [mem 0x000a0000-0x000bffff window]
[    0.181070] pci_bus 0000:00: root bus resource [mem 0x20000000-0xfdffffff window]
[    0.181966] pci_bus 0000:00: root bus resource [bus 00-ff]
[    0.184639] pci 0000:00:01.1: legacy IDE quirk: reg 0x10: [io  0x01f0-0x01f7]
[    0.185450] pci 0000:00:01.1: legacy IDE quirk: reg 0x14: [io  0x03f6]
[    0.186212] pci 0000:00:01.1: legacy IDE quirk: reg 0x18: [io  0x0170-0x0177]
[    0.187058] pci 0000:00:01.1: legacy IDE quirk: reg 0x1c: [io  0x0376]
[    0.195040] pci 0000:00:07.0: quirk: [io  0x4000-0x403f] claimed by PIIX4 ACPI
[    0.196011] pci 0000:00:07.0: quirk: [io  0x4100-0x410f] claimed by PIIX4 SMB
[    0.200083] ACPI: PCI Interrupt Link [LNKA] (IRQs 5 9 10 *11)
[    0.201203] ACPI: PCI Interrupt Link [LNKB] (IRQs 5 9 *10 11)
[    0.201956] ACPI: PCI Interrupt Link [LNKC] (IRQs 5 *9 10 11)
[    0.202722] ACPI: PCI Interrupt Link [LNKD] (IRQs 5 9 10 *11)
[    0.203777] SCSI subsystem initialized
[    0.204104] pci 0000:00:02.0: vgaarb: setting as boot VGA device
[    0.204820] pci 0000:00:02.0: vgaarb: VGA device added: decodes=io+mem,owns=io+mem,locks=none
[    0.205825] pci 0000:00:02.0: vgaarb: bridge control possible
[    0.206556] vgaarb: loaded
[    0.206954] ACPI: bus type USB registered
[    0.207647] usbcore: registered new interface driver usbfs
[    0.208022] usbcore: registered new interface driver hub
[    0.208816] usbcore: registered new device driver usb
[    0.209601] EDAC MC: Ver: 3.0.0
[    0.210330] PCI: Using ACPI for IRQ routing
[    0.211151] NetLabel: Initializing
[    0.212003] NetLabel:  domain hash size = 128
[    0.212575] NetLabel:  protocols = UNLABELED CIPSOv4 CALIPSO
[    0.213217] NetLabel:  unlabeled traffic allowed by default
[    0.213959] clocksource: Switched to clocksource kvm-clock
[    0.224929] VFS: Disk quotas dquot_6.6.0
[    0.225484] VFS: Dquot-cache hash table entries: 512 (order 0, 4096 bytes)
[    0.226341] AppArmor: AppArmor Filesystem Enabled
[    0.226927] pnp: PnP ACPI init
[    0.228129] pnp: PnP ACPI: found 3 devices
[    0.233920] clocksource: acpi_pm: mask: 0xffffff max_cycles: 0xffffff, max_idle_ns: 2085701024 ns
[    0.235378] NET: Registered protocol family 2
[    0.236204] IP idents hash table entries: 8192 (order: 4, 65536 bytes)
[    0.237477] TCP established hash table entries: 4096 (order: 3, 32768 bytes)
[    0.238633] TCP bind hash table entries: 4096 (order: 4, 65536 bytes)
[    0.239687] TCP: Hash tables configured (established 4096 bind 4096)
[    0.240802] UDP hash table entries: 256 (order: 1, 8192 bytes)
[    0.241613] UDP-Lite hash table entries: 256 (order: 1, 8192 bytes)
[    0.242554] NET: Registered protocol family 1
[    0.243116] pci 0000:00:00.0: Limiting direct PCI/PCI transfers
[    0.243854] pci 0000:00:01.0: Activating ISA DMA hang workarounds
[    0.244633] pci 0000:00:02.0: Video device with shadowed ROM at [mem 0x000c0000-0x000dffff]
[    0.245703] Unpacking initramfs...
[    0.480279] Freeing initrd memory: 19528K
[    0.480962] clocksource: tsc: mask: 0xffffffffffffffff max_cycles: 0x6aaab6e38f9, max_idle_ns: 881590939562 ns
[    0.482107] platform rtc_cmos: registered platform RTC device (no PNP device found)
[    0.483067] Scanning for low memory corruption every 60 seconds
[    0.484127] Initialise system trusted keyrings
[    0.484722] Key type blacklist registered
[    0.485293] workingset: timestamp_bits=36 max_order=17 bucket_order=0
[    0.486811] zbud: loaded
[    0.487600] squashfs: version 4.0 (2009/01/31) Phillip Lougher
[    0.488400] fuse init (API version 7.26)
[    0.489496] Key type asymmetric registered
[    0.489980] Asymmetric key parser 'x509' registered
[    0.490609] Block layer SCSI generic (bsg) driver version 0.4 loaded (major 246)
[    0.491511] io scheduler noop registered
[    0.492003] io scheduler deadline registered
[    0.492607] io scheduler cfq registered (default)
[    0.493374] ACPI: AC Adapter [AC] (on-line)
[    0.493907] input: Power Button as /devices/LNXSYSTM:00/LNXPWRBN:00/input/input0
[    0.494809] ACPI: Power Button [PWRF]
[    0.495310] input: Sleep Button as /devices/LNXSYSTM:00/LNXSLPBN:00/input/input1
[    0.496308] ACPI: Sleep Button [SLPF]
[    0.496995] Serial: 8250/16550 driver, 32 ports, IRQ sharing enabled
[    0.518550] 00:02: ttyS0 at I/O 0x3f8 (irq = 4, base_baud = 115200) is a 16550A
[    0.520433] Linux agpgart interface v0.103
[    0.521718] loop: module loaded
[    0.522531] scsi host0: ata_piix
[    0.523018] scsi host1: ata_piix
[    0.523460] ata1: PATA max UDMA/33 cmd 0x1f0 ctl 0x3f6 bmdma 0xd000 irq 14
[    0.524224] ata2: PATA max UDMA/33 cmd 0x170 ctl 0x376 bmdma 0xd008 irq 15
[    0.525289] tun: Universal TUN/TAP device driver, 1.6
[    0.526064] PPP generic driver version 2.4.2
[    0.526688] ehci_hcd: USB 2.0 'Enhanced' Host Controller (EHCI) Driver
[    0.527472] ehci-pci: EHCI PCI platform driver
[    0.528023] ehci-platform: EHCI generic platform driver
[    0.528815] ohci_hcd: USB 1.1 'Open' Host Controller (OHCI) Driver
[    0.529533] ohci-pci: OHCI PCI platform driver
[    0.530044] ohci-platform: OHCI generic platform driver
[    0.530656] uhci_hcd: USB Universal Host Controller Interface driver
[    0.531426] i8042: PNP: PS/2 Controller [PNP0303:PS2K,PNP0f03:PS2M] at 0x60,0x64 irq 1,12
[    0.532809] serio: i8042 KBD port at 0x60,0x64 irq 1
[    0.533413] serio: i8042 AUX port at 0x60,0x64 irq 12
[    0.534040] mousedev: PS/2 mouse device common for all mice
[    0.534929] input: AT Translated Set 2 keyboard as /devices/platform/i8042/serio0/input/input2
[    0.536238] rtc_cmos rtc_cmos: rtc core: registered rtc_cmos as rtc0
[    0.537262] rtc_cmos rtc_cmos: alarms up to one day, 114 bytes nvram
[    0.538315] i2c /dev entries driver
[    0.539127] device-mapper: uevent: version 1.0.3
[    0.540023] device-mapper: ioctl: 4.37.0-ioctl (2017-09-20) initialised: dm-devel@redhat.com
[    0.541557] ledtrig-cpu: registered to indicate activity on CPUs
[    0.542846] NET: Registered protocol family 10
[    0.546456] Segment Routing with IPv6
[    0.547065] NET: Registered protocol family 17
[    0.547605] Key type dns_resolver registered
[    0.548402] mce: Using 0 MCE banks
[    0.548974] RAS: Correctable Errors collector initialized.
[    0.549783] sched_clock: Marking stable (548275281, 0)->(660862696, -112587415)
[    0.550785] registered taskstats version 1
[    0.551279] Loading compiled-in X.509 certificates
[    0.553484] Loaded X.509 cert 'Build time autogenerated kernel key: ea99b1e66d5186ff77dcfb46de385e3fbd0a569c'
[    0.555037] Loaded X.509 cert 'Canonical Ltd. Live Patch Signing: 14df34d1a87cf37625abec039ef2bf521249b969'
[    0.556502] Loaded X.509 cert 'Canonical Ltd. Kernel Module Signing: 88f752e560a1e0737e31163a466ad7b70a850c19'
[    0.557709] blacklist: Loading compiled-in revocation X.509 certificates
[    0.558542] Loaded X.509 cert 'Canonical Ltd. Secure Boot Signing: 61482aa2830d0ab2ad5af10b7250da9033ddcef0'
[    0.559694] zswap: loaded using pool lzo/zbud
[    0.562025] Key type big_key registered
[    0.562577] Key type trusted registered
[    0.563888] Key type encrypted registered
[    0.564418] AppArmor: AppArmor sha1 policy hashing enabled
[    0.565108] ima: No TPM chip found, activating TPM-bypass! (rc=-19)
[    0.565902] ima: Allocated hash algorithm: sha1
[    0.566499] evm: HMAC attrs: 0x1
[    0.567095]   Magic number: 2:532:304
[    0.567573] tty tty33: hash matches
[    0.568074] rtc_cmos rtc_cmos: setting system clock to 2022-04-17 00:18:39 UTC (1650154719)
[    0.569109] BIOS EDD facility v0.16 2004-Jun-25, 0 devices found
[    0.569793] EDD information not available.
[    0.709330] Freeing unused kernel image memory: 2468K
[    0.716067] Write protecting the kernel read-only data: 20480k
[    0.717492] Freeing unused kernel image memory: 2008K
[    0.718647] Freeing unused kernel image memory: 1820K
[    0.726365] x86/mm: Checked W+X mappings: passed, no W+X pages found.
Loading, please wait...
starting version 237
[    0.825441] e1000: Intel(R) PRO/1000 Network Driver - version 7.3.21-k8-NAPI
[    0.826321] e1000: Copyright (c) 1999-2006 Intel Corporation.
[    0.833716] Fusion MPT base driver 3.04.20
[    0.834457] Copyright (c) 1999-2008 LSI Corporation
[    0.837471] Fusion MPT SPI Host driver 3.04.20
[    0.854031] AVX2 version of gcm_enc/dec engaged.
[    0.854671] AES CTR mode by8 optimization enabled
[    1.047253] input: ImExPS/2 Generic Explorer Mouse as /devices/platform/i8042/serio1/input/input4
[    1.207774] e1000 0000:00:03.0 eth0: (PCI:33MHz:32-bit) 02:33:ba:03:32:e5
[    1.208648] e1000 0000:00:03.0 eth0: Intel(R) PRO/1000 Network Connection
[    1.210918] e1000 0000:00:03.0 enp0s3: renamed from eth0
[    1.212574] mptbase: ioc0: Initiating bringup
[    1.308813] ioc0: LSI53C1030 A0: Capabilities={Initiator}
[    1.548934] scsi host2: ioc0: LSI53C1030 A0, FwRev=00000000h, Ports=1, MaxQ=256, IRQ=20
[    1.716675] scsi 2:0:0:0: Direct-Access     VBOX     HARDDISK         1.0  PQ: 0 ANSI: 5
[    1.718065] scsi target2:0:0: Beginning Domain Validation
[    1.720070] scsi target2:0:0: Domain Validation skipping write tests
[    1.721237] scsi target2:0:0: Ending Domain Validation
[    1.722049] scsi target2:0:0: asynchronous
[    1.722721] random: fast init done
[    1.723413] scsi 2:0:1:0: Direct-Access     VBOX     HARDDISK         1.0  PQ: 0 ANSI: 5
[    1.724315] scsi target2:0:1: Beginning Domain Validation
[    1.726011] scsi target2:0:1: Domain Validation skipping write tests
[    1.726948] scsi target2:0:1: Ending Domain Validation
[    1.727652] scsi target2:0:1: asynchronous
[    1.730934] random: systemd-udevd: uninitialized urandom read (16 bytes read)
[    1.731729] random: systemd-udevd: uninitialized urandom read (16 bytes read)
[    1.732546] random: systemd-udevd: uninitialized urandom read (16 bytes read)
[    1.733569] sd 2:0:0:0: [sda] 83886080 512-byte logical blocks: (42.9 GB/40.0 GiB)
[    1.734493] sd 2:0:0:0: [sda] Write Protect is off
[    1.735111] sd 2:0:0:0: [sda] Incomplete mode parameter data
[    1.735746] sd 2:0:0:0: [sda] Assuming drive cache: write through
[    1.736682] sd 2:0:0:0: Attached scsi generic sg0 type 0
[    1.737764] sd 2:0:1:0: [sdb] 20480 512-byte logical blocks: (10.5 MB/10.0 MiB)
[    1.738660] sd 2:0:1:0: [sdb] Write Protect is off
[    1.740026] sd 2:0:1:0: [sdb] Incomplete mode parameter data
[    1.741273] sd 2:0:1:0: [sdb] Assuming drive cache: write through
[    1.742746] sd 2:0:1:0: Attached scsi generic sg1 type 0
[    1.753400]  sda: sda1
[    1.754305] sd 2:0:0:0: [sda] Attached SCSI disk
[    1.755639] sd 2:0:1:0: [sdb] Attached SCSI disk
Begin: Loading essential drivers ... [    3.168242] raid6: sse2x1   gen()  8822 MB/s
[    3.216153] raid6: sse2x1   xor()  8313 MB/s
[    3.264052] raid6: sse2x2   gen() 17581 MB/s
[    3.312940] raid6: sse2x2   xor() 11186 MB/s
[    3.360881] raid6: sse2x4   gen() 18016 MB/s
[    3.408769] raid6: sse2x4   xor() 10160 MB/s
[    3.456196] raid6: avx2x1   gen() 19284 MB/s
[    3.504095] raid6: avx2x1   xor() 14406 MB/s
[    3.552523] raid6: avx2x2   gen() 24579 MB/s
[    3.600413] raid6: avx2x2   xor() 15451 MB/s
[    3.648325] raid6: avx2x4   gen() 25735 MB/s
[    3.696231] raid6: avx2x4   xor() 14372 MB/s
[    3.696789] raid6: using algorithm avx2x4 gen() 25735 MB/s
[    3.697416] raid6: .... xor() 14372 MB/s, rmw enabled
[    3.698000] raid6: using avx2x2 recovery algorithm
[    3.699879] xor: automatically using best checksumming function   avx       
[    3.701917] async_tx: api initialized (async)
done.
Begin: Running /scripts/init-premount ... done.
Begin: Mounting root file system ... Begin: Running /scripts/local-top ... done.
Begin: Running /scripts/local-premount ... [    3.740339] Btrfs loaded, crc32c=crc32c-intel
Scanning for Btrfs filesystems
done.
Warning: fsck not present, so skipping root file system
[    3.799605] EXT4-fs (sda1): mounted filesystem with ordered data mode. Opts: (null)
done.
Begin: Running /scripts/local-bottom ... done.
Begin: Running /scripts/init-bottom ... done.
[    4.734288] ip_tables: (C) 2000-2006 Netfilter Core Team
[    4.795459] systemd[1]: systemd 237 running in system mode. (+PAM +AUDIT +SELINUX +IMA +APPARMOR +SMACK +SYSVINIT +UTMP +LIBCRYPTSETUP +GCRYPT +GNUTLS +ACL +XZ +LZ4 +SECCOMP +BLKID +ELFUTILS +KMOD -IDN2 +IDN -PCRE2 default-hierarchy=hybrid)
[    4.798958] systemd[1]: Detected virtualization oracle.
[    4.799812] systemd[1]: Detected architecture x86-64.

Welcome to [1mUbuntu 18.04.6 LTS[0m!

[    4.844850] systemd[1]: Set hostname to <ubuntu>.
[    4.862021] systemd[1]: Initializing machine ID from random generator.
[    4.863313] systemd[1]: Installed transient /etc/machine-id file.
[    5.320807] random: crng init done
[    5.321422] random: 7 urandom warning(s) missed due to ratelimiting
[    5.919279] systemd[1]: Created slice User and Session Slice.
[[0;32m  OK  [0m] Created slice User and Session Slice.
[    5.920782] systemd[1]: Reached target System Time Synchronized.
[[0;32m  OK  [0m] Reached target System Time Synchronized.
[    5.922422] systemd[1]: Set up automount Arbitrary Executable File Formats File System Automount Point.
[[0;32m  OK  [0m] Set up automount Arbitrary Executab…rmats File System Automount Point.
[    5.924844] systemd[1]: Created slice System Slice.
[[0;32m  OK  [0m] Created slice System Slice.
[[0;32m  OK  [0m] Listening on udev Control Socket.
[[0;32m  OK  [0m] Listening on udev Kernel Socket.
[[0;32m  OK  [0m] Listening on Journal Audit Socket.
[[0;32m  OK  [0m] Listening on fsck to fsckd communication Socket.
[[0;32m  OK  [0m] Created slice system-serial\x2dgetty.slice.
[[0;32m  OK  [0m] Listening on LVM2 poll daemon socket.
[[0;32m  OK  [0m] Listening on Journal Socket (/dev/log).
[[0;32m  OK  [0m] Listening on Syslog Socket.
[[0;32m  OK  [0m] Listening on Device-mapper event daemon FIFOs.
[[0;32m  OK  [0m] Listening on LVM2 metadata daemon socket.
[[0;32m  OK  [0m] Reached target User and Group Name Lookups.
[[0;32m  OK  [0m] Listening on Network Service Netlink Socket.
[[0;32m  OK  [0m] Reached target Swap.
[[0;32m  OK  [0m] Started Forward Password Requests to Wall Directory Watch.
[[0;32m  OK  [0m] Listening on Journal Socket.
         Starting udev Coldplug all Devices...
         Mounting POSIX Message Queue File System...
         Mounting Kernel Debug File System...
         Starting Set the console keyboard layout...
         Starting Create list of required st…ce nodes for the current kernel...
         Starting Monitoring of LVM2 mirrors…ng dmeventd or progress polling...
         Starting Journal Service...
         Starting File System Check on Root Device...
         Mounting Huge Pages File System...
         Starting Uncomplicated firewall...
[[0;32m  OK  [0m] Listening on /dev/initctl Compatibility Named Pipe.
[[0;32m  OK  [0m] Reached target Slices.
         Starting Load Kernel Modules...
[[0;32m  OK  [0m] Started Journal Service.
[[0;32m  OK  [0m] Started Create list of required sta…vice nodes for the current kernel.
         Starting Create Static Device Nodes in /dev...
[[0;32m  OK  [0m] Started File System Check Daemon to report status.
[[0;32m  OK  [0m] Mounted POSIX Message Queue File System.
[[0;32m  OK  [0m] Mounted Kernel Debug File System.
[[0;32m  OK  [0m] Mounted Huge Pages File System.
[[0;32m  OK  [0m] Started udev Coldplug all Devices.
[[0;32m  OK  [0m] Started Uncomplicated firewall.
[    6.398377] Loading iSCSI transport class v2.0-870.
[[0;32m  OK  [0m] Started File System Check on Root Device.
         Starting Remount Root and Kernel File Systems...
[[0;32m  OK  [0m] Started LVM2 metadata daemon.
[[0;32m  OK  [0m] Started Create Static Device Nodes in /dev.
[    6.626607] iscsi: registered transport (tcp)
[    6.755380] EXT4-fs (sda1): re-mounted. Opts: (null)
[[0;32m  OK  [0m] Started Remount Root and Kernel File Systems.
         Starting Flush Journal to Persistent Storage...
[    6.773402] iscsi: registered transport (iser)
         Starting udev Kernel Device Manager...
         Starting Load/Save Random Seed...
[[0;32m  OK  [0m] Started Load Kernel Modules.
         Starting Apply Kernel Variables...
         Mounting Kernel Configuration File System...
         Mounting FUSE Control File System...
[[0;32m  OK  [0m] Mounted Kernel Configuration File System.
[[0;32m  OK  [0m] Mounted FUSE Control File System.
[[0;32m  OK  [0m] Started Monitoring of LVM2 mirrors,…sing dmeventd or progress polling.
[    6.857582] systemd-journald[407]: Received request to flush runtime journal from PID 1
[[0;32m  OK  [0m] Started Load/Save Random Seed.
[[0;32m  OK  [0m] Started Apply Kernel Variables.
[[0;32m  OK  [0m] Started Flush Journal to Persistent Storage.
[[0;32m  OK  [0m] Started udev Kernel Device Manager.
[[0;32m  OK  [0m] Found device /dev/ttyS0.
[[0;32m  OK  [0m] Listening on Load/Save RF Kill Switch Status /dev/rfkill Watch.
[[0;32m  OK  [0m] Started Set the console keyboard layout.
[[0;32m  OK  [0m] Started Dispatch Password Requests to Console Directory Watch.
[[0;32m  OK  [0m] Reached target Local Encrypted Volumes.
[[0;32m  OK  [0m] Reached target Local File Systems (Pre).
[[0;32m  OK  [0m] Reached target Local File Systems.
         Starting Commit a transient machine-id on disk...
         Starting ebtables ruleset management...
         Starting Set console font and keymap...
         Starting Tell Plymouth To Write Out Runtime Data...
         Starting Create Volatile Files and Directories...
         Starting AppArmor initialization...
[[0;32m  OK  [0m] Started Tell Plymouth To Write Out Runtime Data.
[[0;32m  OK  [0m] Started Commit a transient machine-id on disk.
[[0;32m  OK  [0m] Started Create Volatile Files and Directories.
         Starting Update UTMP about System Boot/Shutdown...
[[0;32m  OK  [0m] Started Update UTMP about System Boot/Shutdown.
[[0;32m  OK  [0m] Started ebtables ruleset management.
[[0;32m  OK  [0m] Started Set console font and keymap.
[[0;32m  OK  [0m] Started AppArmor initialization.
         Starting Initial cloud-init job (pre-networking)...
         Starting Load AppArmor profiles managed internally by snapd...
[[0;32m  OK  [0m] Started Load AppArmor profiles managed internally by snapd.
[   13.763336] cloud-init[787]: Cloud-init v. 22.1-14-g2e17a0d6-0ubuntu1~18.04.3 running 'init-local' at Sun, 17 Apr 2022 00:18:52 +0000. Up 13.17 seconds.
[[0;32m  OK  [0m] Started Initial cloud-init job (pre-networking).
[[0;32m  OK  [0m] Reached target Network (Pre).
         Starting Network Service...
[[0;32m  OK  [0m] Started Network Service.
         Starting Wait for Network to be Configured...
         Starting Network Name Resolution...
[[0;32m  OK  [0m] Started Network Name Resolution.
[[0;32m  OK  [0m] Reached target Network.
[[0;32m  OK  [0m] Reached target Host and Network Name Lookups.
[[0;32m  OK  [0m] Started Wait for Network to be Configured.
         Starting Initial cloud-init job (metadata service crawler)...
[   16.429337] cloud-init[904]: Cloud-init v. 22.1-14-g2e17a0d6-0ubuntu1~18.04.3 running 'init' at Sun, 17 Apr 2022 00:18:55 +0000. Up 16.13 seconds.
[   16.430581] cloud-init[904]: ci-info: ++++++++++++++++++++++++++++++++++++++Net device info++++++++++++++++++++++++++++++++++++++
[   16.431955] cloud-init[904]: ci-info: +--------+------+----------------------------+---------------+--------+-------------------+
[   16.433340] cloud-init[904]: ci-info: | Device |  Up  |          Address           |      Mask     | Scope  |     Hw-Address    |
[   16.436170] cloud-init[904]: ci-info: +--------+------+----------------------------+---------------+--------+-------------------+
[   16.437150] cloud-init[904]: ci-info: | enp0s3 | True |         10.0.2.15          | 255.255.255.0 | global | 02:33:ba:03:32:e5 |
[   16.440389] cloud-init[904]: ci-info: | enp0s3 | True | fe80::33:baff:fe03:32e5/64 |       .       |  link  | 02:33:ba:03:32:e5 |
[   16.444200] cloud-init[904]: ci-info: |   lo   | True |         127.0.0.1          |   255.0.0.0   |  host  |         .         |
[   16.445282] cloud-init[904]: ci-info: |   lo   | True |          ::1/128           |       .       |  host  |         .         |
[   16.449157] cloud-init[904]: ci-info: +--------+------+----------------------------+---------------+--------+-------------------+
[   16.450186] cloud-init[904]: ci-info: ++++++++++++++++++++++++++++Route IPv4 info+++++++++++++++++++++++++++++
[   16.451179] cloud-init[904]: ci-info: +-------+-------------+----------+-----------------+-----------+-------+
[   16.452247] cloud-init[904]: ci-info: | Route | Destination | Gateway  |     Genmask     | Interface | Flags |
[   16.454500] cloud-init[904]: ci-info: +-------+-------------+----------+-----------------+-----------+-------+
[   16.455642] cloud-init[904]: ci-info: |   0   |   0.0.0.0   | 10.0.2.2 |     0.0.0.0     |   enp0s3  |   UG  |
[   16.456690] cloud-init[904]: ci-info: |   1   |   10.0.2.0  | 0.0.0.0  |  255.255.255.0  |   enp0s3  |   U   |
[   16.457554] cloud-init[904]: ci-info: |   2   |   10.0.2.2  | 0.0.0.0  | 255.255.255.255 |   enp0s3  |   UH  |
[   16.458505] cloud-init[904]: ci-info: +-------+-------------+----------+-----------------+-----------+-------+
[   16.459470] cloud-init[904]: ci-info: +++++++++++++++++++Route IPv6 info+++++++++++++++++++
[   16.460298] cloud-init[904]: ci-info: +-------+-------------+---------+-----------+-------+
[   16.461092] cloud-init[904]: ci-info: | Route | Destination | Gateway | Interface | Flags |
[   16.461911] cloud-init[904]: ci-info: +-------+-------------+---------+-----------+-------+
[   16.462726] cloud-init[904]: ci-info: |   1   |  fe80::/64  |    ::   |   enp0s3  |   U   |
[   16.463547] cloud-init[904]: ci-info: |   3   |    local    |    ::   |   enp0s3  |   U   |
[   16.464410] cloud-init[904]: ci-info: |   4   |   ff00::/8  |    ::   |   enp0s3  |   U   |
[   16.465588] cloud-init[904]: ci-info: +-------+-------------+---------+-----------+-------+
[   20.156021] cloud-init[904]: Generating public/private rsa key pair.
[   20.156814] cloud-init[904]: Your identification has been saved in /etc/ssh/ssh_host_rsa_key.
[   20.157603] cloud-init[904]: Your public key has been saved in /etc/ssh/ssh_host_rsa_key.pub.
[   20.158455] cloud-init[904]: The key fingerprint is:
[   20.160380] cloud-init[904]: SHA256:QUkeD3Vfp6I3ByZgzx9F6eRC5FcGjuuA93RrNiqelp8 root@ubuntu-bionic
[   20.161247] cloud-init[904]: The key's randomart image is:
[   20.164201] cloud-init[904]: +---[RSA 2048]----+
[   20.164769] cloud-init[904]: |       .Bo..o.+o=|
[   20.165347] cloud-init[904]: |       +.B o.=o=.|
[   20.169057] cloud-init[904]: |        o =.B+=  |
[   20.169577] cloud-init[904]: |         o =.*o  |
[   20.170114] cloud-init[904]: |        S + *.o  |
[   20.170649] cloud-init[904]: |         . * + . |
[   20.171211] cloud-init[904]: |           .o =  |
[   20.171827] cloud-init[904]: |          +. = . |
[   20.177114] cloud-init[904]: |         oooE    |
[   20.177584] cloud-init[904]: +----[SHA256]-----+
[   20.178036] cloud-init[904]: Generating public/private dsa key pair.
[   20.178605] cloud-init[904]: Your identification has been saved in /etc/ssh/ssh_host_dsa_key.
[   20.179311] cloud-init[904]: Your public key has been saved in /etc/ssh/ssh_host_dsa_key.pub.
[   20.180058] cloud-init[904]: The key fingerprint is:
[   20.180567] cloud-init[904]: SHA256:+EtUGZTbORi9CqDluxOgmUPfrA+p79VKglcgSG19Ylw root@ubuntu-bionic
[   20.181255] cloud-init[904]: The key's randomart image is:
[   20.184656] cloud-init[904]: +---[DSA 1024]----+
[   20.185205] cloud-init[904]: | .. o .E .oo     |
[   20.185702] cloud-init[904]: |.. o =o.  oo.    |
[   20.186256] cloud-init[904]: |. o o+o.  o= o   |
[   20.186770] cloud-init[904]: |  ..o.....o =    |
[   20.188562] cloud-init[904]: | . = +o.S. . .   |
[   20.189092] cloud-init[904]: |  =..o=+  .      |
[   20.192599] cloud-init[904]: |  ..=.oo+        |
[   20.193185] cloud-init[904]: |   o.=oo .       |
[   20.193857] cloud-init[904]: |  .oo.o..        |
[   20.194612] cloud-init[904]: +----[SHA256]-----+
[   20.196430] cloud-init[904]: Generating public/private ecdsa key pair.
[   20.197134] cloud-init[904]: Your identification has been saved in /etc/ssh/ssh_host_ecdsa_key.
[   20.200365] cloud-init[904]: Your public key has been saved in /etc/ssh/ssh_host_ecdsa_key.pub.
[   20.201343] cloud-init[904]: The key fingerprint is:
[   20.204262] cloud-init[904]: SHA256:WCBQEOFINe6NQeL2R5s+HMeCYmoJPFoHaowCfPQW+Yo root@ubuntu-bionic
[   20.205201] cloud-init[904]: The key's randomart image is:
[   20.205799] cloud-init[904]: +---[ECDSA 256]---+
[   20.206370] cloud-init[904]: | o*@o.o          |
[   20.209176] cloud-init[904]: |+o= oo..         |
[   20.209762] cloud-init[904]: |o+o+ +. .        |
[   20.210294] cloud-init[904]: |*.+.B ++         |
[   20.213059] cloud-init[904]: |=B.=oBooS        |
[   20.213562] cloud-init[904]: |B.+E+.+          |
[   20.214128] cloud-init[904]: |oo   +           |
[   20.214663] cloud-init[904]: |.     .          |
[   20.216942] cloud-init[904]: |                 |
[   20.217531] cloud-init[904]: +----[SHA256]-----+
[   20.218075] cloud-init[904]: Generating public/private ed25519 key pair.
[   20.220878] cloud-init[904]: Your identification has been saved in /etc/ssh/ssh_host_ed25519_key.
[   20.221810] cloud-init[904]: Your public key has been saved in /etc/ssh/ssh_host_ed25519_key.pub.
[   20.224778] cloud-init[904]: The key fingerprint is:
[   20.225344] cloud-init[904]: SHA256:tpr5x+7GXIBPm312m5zvIbHphTw9Te5wBlduUJnpVjU root@ubuntu-bionic
[   20.226267] cloud-init[904]: The key's randomart image is:
[   20.228707] cloud-init[904]: +--[ED25519 256]--+
[   20.229295] cloud-init[904]: |               EB|
[   20.229878] cloud-init[904]: |               =o|
[   20.232586] cloud-init[904]: |         .    o o|
[   20.233124] cloud-init[904]: |        . o    =.|
[   20.233658] cloud-init[904]: |        So = .o =|
[   20.236509] cloud-init[904]: |       . .+ + O*o|
[   20.237021] cloud-init[904]: |        .+ . Xo*O|
[   20.237579] cloud-init[904]: |       +  * . +Xo|
[   20.238138] cloud-init[904]: |      +..=o  . .=|
[   20.240437] cloud-init[904]: +----[SHA256]-----+
[[0;32m  OK  [0m] Started Initial cloud-init job (metadata service crawler).
[[0;32m  OK  [0m] Reached target Network is Online.
[[0;32m  OK  [0m] Reached target Remote File Systems (Pre).
[[0;32m  OK  [0m] Reached target Remote File Systems.
         Starting Availability of block devices...
[[0;32m  OK  [0m] Reached target System Initialization.
[[0;32m  OK  [0m] Started ACPI Events Check.
[[0;32m  OK  [0m] Started Ubuntu Advantage Timer for running repeated jobs.
         Starting LXD - unix socket.
[[0;32m  OK  [0m] Started Discard unused blocks once a week.
[[0;32m  OK  [0m] Listening on D-Bus System Message Bus Socket.
[[0;32m  OK  [0m] Started Message of the Day.
[[0;32m  OK  [0m] Started Daily apt download activities.
[[0;32m  OK  [0m] Started Daily apt upgrade and clean activities.
[[0;32m  OK  [0m] Listening on cloud-init hotplug hook socket.
         Starting Socket activation for snappy daemon.
[[0;32m  OK  [0m] Listening on ACPID Listen Socket.
[[0;32m  OK  [0m] Started Trigger to poll for Ubuntu …(Only enabled on GCP LTS non-pro).
[[0;32m  OK  [0m] Started Daily Cleanup of Temporary Directories.
[[0;32m  OK  [0m] Reached target Timers.
[[0;32m  OK  [0m] Listening on Open-iSCSI iscsid Socket.
[[0;32m  OK  [0m] Reached target Paths.
[[0;32m  OK  [0m] Listening on UUID daemon activation socket.
[[0;32m  OK  [0m] Reached target Cloud-config availability.
[[0;32m  OK  [0m] Started Availability of block devices.
[[0;32m  OK  [0m] Listening on LXD - unix socket.
[[0;32m  OK  [0m] Listening on Socket activation for snappy daemon.
[[0;32m  OK  [0m] Reached target Sockets.
[[0;32m  OK  [0m] Reached target Basic System.
[[0;32m  OK  [0m] Started FUSE filesystem for LXC.
         Starting System Logging Service...
         Starting Dispatcher daemon for systemd-networkd...[[0;32m  OK  [0m] Stopped Unattended Upgrades Shutdown.
         Stopping Session 6 of user vagrant.
[[0;32m  OK  [0m] Stopped target Host and Network Name Lookups.
[[0;32m  OK  [[0;32m  OK  [0m] Stopped Unattended Upgrades Shutdown.
         Stopping Authorization Manager...
         Stopping Session 9 of user vagrant.
[[0;32m  OK  [0m] Stopped target Graphical Interface.
[[0;32m  OK  [0m] Stopped target Cloud-init target.
[[0;32m  OK  [0m] Stopped Execute cloud user/final scripts.
[[0;32m  OK  [0m] Closed Load/Save RF Kill Switch Status /dev/rfkill Watch.
         Stopping Availability of block devices...
[[0;32m  OK  [0m] Stopped Apply the settings specified in cloud-config.
[[0;32m  OK  [0m] Stopped target Cloud-config availability.
[[0;32m  OK  [0m] Stopped target Timers.
[[0;32m  OK  [0m] Stopped Message of the Day.
[[0;32m  OK  [0m] Stopped Daily apt upgrade and clean activities.
[[0;32m  OK  [0m] Stopped Daily apt download activities.
[[0;32m  OK  [0m] Stopped Ubuntu Advantage Timer for running repeated jobs.
[[0;32m  OK  [0m] Stopped Daily Cleanup of Temporary Directories.
[[0;32m  OK  [0m] Stopped Clean PHP session files every 30 mins.
         Stopping User Manager for UID 1000...
[[0;32m  OK  [0m] Stopped Discard unused blocks once a week.
[[0;32m  OK  [0m] Stopped target System Time Synchronized.
[[0;32m  OK  [0m] Stopped target Multi-User System.
         Stopping The Apache HTTP Server...
         Stopping Dispatcher daemon for systemd-networkd...
[[0;32m  OK  [0m] Stopped target Login Prompts.
         Stopping Getty on tty1...
         Stopping Serial Getty on ttyS0...
         Stopping D-Bus System Message Bus...
         Stopping Regular background program processing daemon...
[[0;32m  OK  [0m] Stopped Wait until snapd is fully seeded.
         Stopping FUSE filesystem for LXC...
         Stopping Deferred execution scheduler...
         Stopping LSB: automatic crash report generation...
         Stopping OpenBSD Secure Shell server...
         Stopping Virtualbox guest utils...
         Stopping System Logging Service...
         Stopping LSB: Record successful boot for GRUB...
         Stopping Accounts Service...
         Stopping LXD - container startup/shutdown...
[[0;32m  OK  [0m] Unmounted /var/lib/lxcfs.
[[0;32m  OK  [0m] Stopped Regular background program processing daemon.
[[0;32m  OK  [0m] Stopped Deferred execution scheduler.
[[0;32m  OK  [0m] Stopped Dispatcher daemon for systemd-networkd.
[[0;32m  OK  [0m] Stopped Accounts Service.
[[0;32m  OK  [0m] Stopped System Logging Service.
[[0;32m  OK  [0m] Stopped Serial Getty on ttyS0.
[[0;32m  OK  [0m] Stopped Getty on tty1.
[[0;32m  OK  [0m] Stopped Authorization Manager.
[[0;32m  OK  [0m] Stopped OpenBSD Secure Shell server.
[[0;32m  OK  [0m] Stopped User Manager for UID 1000.
[[0;32m  OK  [0m] Stopped D-Bus System Message Bus.
[[0;32m  OK  [0m] Stopped Session 9 of user vagrant.
[[0;32m  OK  [0m] Removed slice User Slice of vagrant.
         Stopping Login Service...
[[0;32m  OK  [0m] Removed slice system-getty.slice.
[[0;32m  OK  [0m] Removed slice system-serial\x2dgetty.slice.
         Stopping Permit User Sessions...
[[0;32m  OK  [0m] Stopped Login Service.
[[0;32m  OK  [0m] Stopped LSB: Record successful boot for GRUB.
[[0;32m  OK  [0m] Stopped Permit User Sessions.
[[0;32m  OK  [0m] Stopped target User and Group Name Lookups.
[[0;32m  OK  [0m] Stopped The Apache HTTP Server.
[[0;32m  OK  [0m] Stopped target Host and Network Name Lookups.
[[0;32m  OK  [0m] Stopped LXD - container startup/shutdown.
[[0;32m  OK  [0m] Stopped FUSE filesystem for LXC.
[[0;32m  OK  [0m] Stopped LSB: automatic crash report generation.
[[0;32m  OK  [0m] Stopped target Remote File Systems.
         Unmounting /vagrant...
         Unmounting /tmp/vagrant-puppet/mani…987fd5f72c17d54c08031a1c4913b39...
[[0;32m  OK  [0m] Stopped Virtualbox guest utils.
[[0;32m  OK  [0m] Stopped target Basic System.
[[0;32m  OK  [0m] Stopped target Slices.
[[0;32m  OK  [0m] Removed slice User and Session Slice.
[[0;32m  OK  [0m] Stopped target Paths.
[[0;32m  OK  [0m] Stopped Trigger to poll for Ubuntu …(Only enabled on GCP LTS non-pro).
[[0;32m  OK  [0m] Stopped ACPI Events Check.
[[0;32m  OK  [0m] Stopped target Sockets.
[[0;32m  OK  [0m] Closed D-Bus System Message Bus Socket.
[[0;32m  OK  [0m] Closed Syslog Socket.
[[0;32m  OK  [0m] Closed LXD - unix socket.
[[0;32m  OK  [0m] Closed Open-iSCSI iscsid Socket.
[[0;32m  OK  [0m] Closed ACPID Listen Socket.
[[0;32m  OK  [0m] Closed UUID daemon activation socket.
[[0;32m  OK  [0m] Closed Socket activation for snappy daemon.
[[0;32m  OK  [0m] Closed cloud-init hotplug hook socket.
[[0;32m  OK  [0m] Stopped target System Initialization.
         Stopping Update UTMP about System Boot/Shutdown...
         Stopping Load/Save Random Seed...
[[0;32m  OK  [0m] Stopped target Local Encrypted Volumes.
[[0;32m  OK  [0m] Stopped Dispatch Password Requests to Console Directory Watch.
[[0;32m  OK  [0m] Stopped Forward Password Requests to Wall Directory Watch.
[[0;32m  OK  [0m] Stopped Availability of block devices.
[[0;32m  OK  [0m] Unmounted /vagrant.
[[0;32m  OK  [0m] Stopped Load/Save Random Seed.
[[0;32m  OK  [0m] Unmounted /tmp/vagrant-puppet/manif…-1987fd5f72c17d54c08031a1c4913b39.
[[0;32m  OK  [0m] Stopped Update UTMP about System Boot/Shutdown.
[[0;32m  OK  [0m] Stopped target Remote File Systems (Pre).
[[0;32m  OK  [0m] Stopped target Network is Online.
[[0;32m  OK  [0m] Stopped Initial cloud-init job (metadata service crawler).
[[0;32m  OK  [0m] Stopped target Network.
         Stopping Network Name Resolution...
[[0;32m  OK  [0m] Stopped Network Name Resolution.
         Stopping Network Service...
[[0;32m  OK  [0m] Stopped Create Volatile Files and Directories.
[[0;32m  OK  [0m] Stopped target Local File Systems.
         Unmounting /run/user/1000...
[[0;32m  OK  [0m] Unmounted /run/user/1000.
[[0;32m  OK  [0m] Reached target Unmount All Filesystems.
[[0;32m  OK  [0m] Stopped target Local File Systems (Pre).
         Stopping Monitoring of LVM2 mirrors…ng dmeventd or progress polling...
[[0;32m  OK  [0m] Stopped Create Static Device Nodes in /dev.
[[0;32m  OK  [0m] Stopped target Swap.
[[0;32m  OK  [0m] Stopped Network Service.
[[0;32m  OK  [0m] Stopped Monitoring of LVM2 mirrors,…sing dmeventd or progress polling.
         Stopping LVM2 metadata daemon...
[[0;32m  OK  [0m] Stopped target Network (Pre).
[[0;32m  OK  [0m] Stopped Initial cloud-init job (pre-networking).
[[0;32m  OK  [0m] Stopped Remount Root and Kernel File Systems.
[[0;32m  OK  [0m] Stopped Apply Kernel Variables.
[[0;32m  OK  [0m] Stopped Load Kernel Modules.
[[0;32m  OK  [0m] Reached target Shutdown.
[[0;32m  OK  [0m] Reached target Final Step.
         Starting Power-Off...
[[0;32m  OK  [0m] Stopped LVM2 metadata daemon.
[ 5257.537952] reboot: Power down
  Starting Power-Off...
[ 5580.445358] reboot: Power down
rget Cloud-config availability.
[[0;32m  OK  [0m] Unmounted /var/lib/lxcfs.
[[0;32m  OK  [0m] Stopped Dispatcher daemon for systemd-networkd.
[[0;32m  OK  [0m] Stopped Regular background program processing daemon.
[[0;32m  OK  [0m] Stopped Deferred execution scheduler.
[[0;32m  OK  [0m] Stopped Serial Getty on ttyS0.
[[0;32m  OK  [0m] Stopped Getty on tty1.
[[0;32m  OK  [0m] Stopped Authorization Manager.
[[0;32m  OK  [0m] Stopped OpenBSD Secure Shell server.
[[0;32m  OK  [0m] Stopped User Manager for UID 1000.
[[0;32m  OK  [0m] Stopped Session 7 of user vagrant.
[[0;32m  OK  [0m] Removed slice User Slice of vagrant.
         Stopping Login Service...
[[0;32m  OK  [0m] Removed slice system-getty.slice.
[[0;32m  OK  [0m] Removed slice system-serial\x2dgetty.slice.
         Stopping Permit User Sessions...
[[0;32m  OK  [0m] Stopped Login Service.
[[0;32m  OK  [0m] Stopped LXD - container startup/shutdown.
[[0;32m  OK  [0m] Stopped D-Bus System Message Bus.
[[0;32m  OK  [0m] Stopped FUSE filesystem for LXC.
[[0;32m  OK  [0m] Stopped System Logging Service.
[[0;32m  OK  [0m] Stopped Permit User Sessions.
[[0;32m  OK  [0m] Stopped Accounts Service.
[[0;32m  OK  [0m] Stopped target User and Group Name Lookups.
[[0;32m  OK  [0m] Stopped Docker Application Container Engine.
         Stopping containerd container runtime...
[[0;32m  OK  [0m] Stopped Availability of block devices.
[[0;32m  OK  [0m] Stopped Ubuntu FAN network setup.
[[0;32m  OK  [0m] Stopped containerd container runtime.
[[0;32m  OK  [0m] Stopped LSB: Record successful boot for GRUB.
[[0;32m  OK  [0m] Stopped LSB: automatic crash report generation.
[[0;32m  OK  [0m] Stopped target Remote File Systems.
         Unmounting /vagrant...
[[0;32m  OK  [0m] Unmounted /vagrant.
[[0;32m  OK  [0m] Stopped target Remote File Systems (Pre).
[[0;32m  OK  [0m] Stopped target Network is Online.
[[0;32m  OK  [0m] Stopped target Network.
         Stopping Network Name Resolution...
[[0;32m  OK  [0m] Stopped Network Name Resolution.
[[0;32m  OK  [0m] Stopped Virtualbox guest utils.
[[0;32m  OK  [0m] Stopped target Basic System.
[[0;32m  OK  [0m] Stopped target Sockets.
[[0;32m  OK  [0m] Closed Docker Socket for the API.
[[0;32m  OK  [0m] Closed ACPID Listen Socket.
[[0;32m  OK  [0m] Closed UUID daemon activation socket.
[[0;32m  OK  [0m] Closed Socket activation for snappy daemon.
[[0;32m  OK  [0m] Closed cloud-init hotplug hook socket.
[[0;32m  OK  [0m] Closed D-Bus System Message Bus Socket.
[[0;32m  OK  [0m] Closed LXD - unix socket.
[[0;32m  OK  [0m] Closed Syslog Socket.
[[0;32m  OK  [0m] Closed Open-iSCSI iscsid Socket.
[[0;32m  OK  [0m] Stopped target Slices.
[[0;32m  OK  [0m] Removed slice User and Session Slice.
[[0;32m  OK  [0m] Stopped target Paths.
[[0;32m  OK  [0m] Stopped ACPI Events Check.
[[0;32m  OK  [0m] Stopped Trigger to poll for Ubuntu …(Only enabled on GCP LTS non-pro).
[[0;32m  OK  [0m] Stopped target System Initialization.
[[0;32m  OK  [0m] Stopped Commit a transient machine-id on disk.
[[0;32m  OK  [0m] Stopped Initial cloud-init job (metadata service crawler).
[[0;32m  OK  [0m] Stopped Wait for Network to be Configured.
         Stopping Network Service...
         Stopping Load/Save Random Seed...
         Stopping Update UTMP about System Boot/Shutdown...
[[0;32m  OK  [0m] Stopped target Local Encrypted Volumes.
[[0;32m  OK  [0m] Stopped Dispatch Password Requests to Console Directory Watch.
[[0;32m  OK  [0m] Stopped Forward Password Requests to Wall Directory Watch.
[[0;32m  OK  [0m] Stopped Load/Save Random Seed.
[[0;32m  OK  [0m] Stopped Update UTMP about System Boot/Shutdown.
[[0;32m  OK  [0m] Stopped Create Volatile Files and Directories.
[[0;32m  OK  [0m] Stopped target Local File Systems.
         Unmounting /run/user/1000...
[[0;32m  OK  [0m] Unmounted /run/user/1000.
[[0;32m  OK  [0m] Reached target Unmount All Filesystems.
[[0;32m  OK  [0m] Stopped target Swap.
[[0;32m  OK  [0m] Stopped target Local File Systems (Pre).
[[0;32m  OK  [0m] Stopped Create Static Device Nodes in /dev.
         Stopping Monitoring of LVM2 mirrors…ng dmeventd or progress polling...
[[0;32m  OK  [0m] Stopped Network Service.
[[0;32m  OK  [0m] Stopped Apply Kernel Variables.
[[0;32m  OK  [0m] Stopped Load Kernel Modules.
[[0;32m  OK  [0m] Stopped target Network (Pre).
[[0;32m  OK  [0m] Stopped Initial cloud-init job (pre-networking).
[[0;32m  OK  [0m] Stopped Remount Root and Kernel File Systems.
[[0;32m  OK  [0m] Reached target Shutdown.
[[0;32m  OK  [0m] Reached target Final Step.
         Starting Power-Off...
[  770.883356] reboot: Power down
